[dotenv@17.2.0] injecting env (0) from .env (tip: ðŸ” prevent building .env in docker: https://dotenvx.com/prebuild)
[dotenv@17.2.0] injecting env (0) from .env (tip: ðŸ” encrypt with dotenvx: https://dotenvx.com)
Server is running on port 3000
MongooseServerSelectionError: connect ECONNREFUSED ::1:27017, connect ECONNREFUSED 127.0.0.1:27017
    at _handleConnectionErrors (/app/backend/node_modules/mongoose/lib/connection.js:1165:11)
    at NativeConnection.openUri (/app/backend/node_modules/mongoose/lib/connection.js:1096:11)
    at async main (/app/backend/index.js:48:5) {
  errorLabelSet: Set(0) {},
  reason: TopologyDescription {
    type: 'Unknown',
    servers: Map(1) { 'localhost:27017' => [ServerDescription] },
    stale: false,
    compatible: true,
    heartbeatFrequencyMS: 10000,
    localThresholdMS: 15,
    setName: null,
    maxElectionId: null,
    maxSetVersion: null,
    commonWireVersion: 0,
    logicalSessionTimeoutMinutes: null
  },
  code: undefined
}
